achievements
Date: Lun 19 mar 2012 16:17:33 CET
config --global achievement.upload true
Date: Lun 19 mar 2012 16:18:04 CET
achievements -p
Date: Lun 19 mar 2012 16:18:07 CET
symbolic-ref HEAD
Date: Lun 19 mar 2012 16:18:19 CET
rev-parse --is-inside-git-dir
Date: Lun 19 mar 2012 16:18:19 CET
rev-parse --is-inside-work-tree
Date: Lun 19 mar 2012 16:18:19 CET
status 
Date: Lun 19 mar 2012 16:18:21 CET
symbolic-ref HEAD
Date: Lun 19 mar 2012 16:18:25 CET
rev-parse --is-inside-git-dir
Date: Lun 19 mar 2012 16:18:25 CET
rev-parse --is-inside-work-tree
Date: Lun 19 mar 2012 16:18:25 CET
symbolic-ref HEAD
Date: Lun 19 mar 2012 16:18:59 CET
rev-parse --is-inside-git-dir
Date: Lun 19 mar 2012 16:18:59 CET
rev-parse --is-inside-work-tree
Date: Lun 19 mar 2012 16:18:59 CET
achievements --help
Date: Lun 19 mar 2012 16:20:51 CET
symbolic-ref HEAD
Date: Lun 19 mar 2012 16:20:55 CET
rev-parse --is-inside-git-dir
Date: Lun 19 mar 2012 16:20:55 CET
rev-parse --is-inside-work-tree
Date: Lun 19 mar 2012 16:20:55 CET
symbolic-ref HEAD
Date: Lun 19 mar 2012 16:21:44 CET
rev-parse --is-inside-git-dir
Date: Lun 19 mar 2012 16:21:44 CET
rev-parse --is-inside-work-tree
Date: Lun 19 mar 2012 16:21:44 CET
symbolic-ref HEAD
Date: Lun 19 mar 2012 16:21:45 CET
rev-parse --is-inside-git-dir
Date: Lun 19 mar 2012 16:21:45 CET
rev-parse --is-inside-work-tree
Date: Lun 19 mar 2012 16:21:45 CET
status 
Date: Lun 19 mar 2012 16:21:47 CET
symbolic-ref HEAD
Date: Lun 19 mar 2012 16:21:47 CET
rev-parse --is-inside-git-dir
Date: Lun 19 mar 2012 16:21:47 CET
rev-parse --is-inside-work-tree
Date: Lun 19 mar 2012 16:21:47 CET
symbolic-ref HEAD
Date: Lun 19 mar 2012 16:21:49 CET
rev-parse --is-inside-git-dir
Date: Lun 19 mar 2012 16:21:49 CET
rev-parse --is-inside-work-tree
Date: Lun 19 mar 2012 16:21:49 CET
symbolic-ref HEAD
Date: Lun 19 mar 2012 16:25:24 CET
rev-parse --is-inside-git-dir
Date: Lun 19 mar 2012 16:25:24 CET
rev-parse --is-inside-work-tree
Date: Lun 19 mar 2012 16:25:24 CET
status 
Date: Lun 19 mar 2012 16:26:12 CET
symbolic-ref HEAD
Date: Lun 19 mar 2012 16:26:13 CET
rev-parse --is-inside-git-dir
Date: Lun 19 mar 2012 16:26:13 CET
rev-parse --is-inside-work-tree
Date: Lun 19 mar 2012 16:26:13 CET
symbolic-ref HEAD
Date: Lun 19 mar 2012 16:26:17 CET
rev-parse --is-inside-git-dir
Date: Lun 19 mar 2012 16:26:17 CET
rev-parse --is-inside-work-tree
Date: Lun 19 mar 2012 16:26:17 CET
status 
Date: Lun 19 mar 2012 16:26:20 CET
symbolic-ref HEAD
Date: Lun 19 mar 2012 16:26:20 CET
rev-parse --is-inside-git-dir
Date: Lun 19 mar 2012 16:26:20 CET
rev-parse --is-inside-work-tree
Date: Lun 19 mar 2012 16:26:20 CET
fetch
Date: Lun 19 mar 2012 16:26:28 CET
symbolic-ref HEAD
Date: Lun 19 mar 2012 16:26:28 CET
rev-parse --is-inside-git-dir
Date: Lun 19 mar 2012 16:26:28 CET
rev-parse --is-inside-work-tree
Date: Lun 19 mar 2012 16:26:28 CET
symbolic-ref HEAD
Date: Lun 19 mar 2012 16:26:49 CET
rev-parse --is-inside-git-dir
Date: Lun 19 mar 2012 16:26:50 CET
rev-parse --is-inside-work-tree
Date: Lun 19 mar 2012 16:26:50 CET
help -a
Date: Lun 19 mar 2012 16:27:09 CET
--git-dir=.git config --get-regexp alias\..*
Date: Lun 19 mar 2012 16:27:09 CET
reflog
Date: Lun 19 mar 2012 16:27:10 CET
symbolic-ref HEAD
Date: Lun 19 mar 2012 16:27:13 CET
rev-parse --is-inside-git-dir
Date: Lun 19 mar 2012 16:27:13 CET
rev-parse --is-inside-work-tree
Date: Lun 19 mar 2012 16:27:13 CET
symbolic-ref HEAD
Date: Lun 19 mar 2012 16:27:26 CET
rev-parse --is-inside-git-dir
Date: Lun 19 mar 2012 16:27:26 CET
rev-parse --is-inside-work-tree
Date: Lun 19 mar 2012 16:27:26 CET
symbolic-ref HEAD
Date: Lun 19 mar 2012 16:27:28 CET
rev-parse --is-inside-git-dir
Date: Lun 19 mar 2012 16:27:28 CET
rev-parse --is-inside-work-tree
Date: Lun 19 mar 2012 16:27:28 CET
symbolic-ref HEAD
Date: Lun 19 mar 2012 16:27:46 CET
rev-parse --is-inside-git-dir
Date: Lun 19 mar 2012 16:27:46 CET
rev-parse --is-inside-work-tree
Date: Lun 19 mar 2012 16:27:46 CET
symbolic-ref HEAD
Date: Lun 19 mar 2012 16:27:51 CET
rev-parse --is-inside-git-dir
Date: Lun 19 mar 2012 16:27:51 CET
rev-parse --is-inside-work-tree
Date: Lun 19 mar 2012 16:27:51 CET
symbolic-ref HEAD
Date: Lun 19 mar 2012 16:28:39 CET
rev-parse --is-inside-git-dir
Date: Lun 19 mar 2012 16:28:39 CET
rev-parse --is-inside-work-tree
Date: Lun 19 mar 2012 16:28:39 CET
branch 
Date: Lun 19 mar 2012 16:29:06 CET
symbolic-ref HEAD
Date: Lun 19 mar 2012 16:29:06 CET
rev-parse --is-inside-git-dir
Date: Lun 19 mar 2012 16:29:06 CET
rev-parse --is-inside-work-tree
Date: Lun 19 mar 2012 16:29:06 CET
branch 
Date: Lun 19 mar 2012 16:29:09 CET
symbolic-ref HEAD
Date: Lun 19 mar 2012 16:29:09 CET
rev-parse --is-inside-git-dir
Date: Lun 19 mar 2012 16:29:09 CET
rev-parse --is-inside-work-tree
Date: Lun 19 mar 2012 16:29:09 CET
status 
Date: Lun 19 mar 2012 16:29:12 CET
symbolic-ref HEAD
Date: Lun 19 mar 2012 16:29:12 CET
rev-parse --is-inside-git-dir
Date: Lun 19 mar 2012 16:29:12 CET
rev-parse --is-inside-work-tree
Date: Lun 19 mar 2012 16:29:13 CET
symbolic-ref HEAD
Date: Lun 19 mar 2012 16:29:58 CET
rev-parse --is-inside-git-dir
Date: Lun 19 mar 2012 16:29:58 CET
rev-parse --is-inside-work-tree
Date: Lun 19 mar 2012 16:29:58 CET
symbolic-ref HEAD
Date: Lun 19 mar 2012 16:29:59 CET
rev-parse --is-inside-git-dir
Date: Lun 19 mar 2012 16:29:59 CET
rev-parse --is-inside-work-tree
Date: Lun 19 mar 2012 16:29:59 CET
symbolic-ref HEAD
Date: Lun 19 mar 2012 16:30:03 CET
rev-parse --is-inside-git-dir
Date: Lun 19 mar 2012 16:30:03 CET
rev-parse --is-inside-work-tree
Date: Lun 19 mar 2012 16:30:03 CET
symbolic-ref HEAD
Date: Lun 19 mar 2012 16:30:05 CET
rev-parse --is-inside-git-dir
Date: Lun 19 mar 2012 16:30:05 CET
rev-parse --is-inside-work-tree
Date: Lun 19 mar 2012 16:30:05 CET
symbolic-ref HEAD
Date: Lun 19 mar 2012 16:30:09 CET
rev-parse --is-inside-git-dir
Date: Lun 19 mar 2012 16:30:10 CET
rev-parse --is-inside-work-tree
Date: Lun 19 mar 2012 16:30:10 CET
symbolic-ref HEAD
Date: Lun 19 mar 2012 16:30:38 CET
rev-parse --is-inside-git-dir
Date: Lun 19 mar 2012 16:30:38 CET
rev-parse --is-inside-work-tree
Date: Lun 19 mar 2012 16:30:38 CET
symbolic-ref HEAD
Date: Lun 19 mar 2012 16:30:42 CET
rev-parse --is-inside-git-dir
Date: Lun 19 mar 2012 16:30:42 CET
rev-parse --is-inside-work-tree
Date: Lun 19 mar 2012 16:30:42 CET
symbolic-ref HEAD
Date: Lun 19 mar 2012 18:04:43 CET
rev-parse --is-inside-git-dir
Date: Lun 19 mar 2012 18:04:43 CET
rev-parse --is-inside-work-tree
Date: Lun 19 mar 2012 18:04:43 CET
symbolic-ref HEAD
Date: Lun 19 mar 2012 18:04:45 CET
rev-parse --is-inside-git-dir
Date: Lun 19 mar 2012 18:04:45 CET
rev-parse --is-inside-work-tree
Date: Lun 19 mar 2012 18:04:45 CET
symbolic-ref HEAD
Date: Lun 19 mar 2012 18:04:52 CET
rev-parse --is-inside-git-dir
Date: Lun 19 mar 2012 18:04:52 CET
rev-parse --is-inside-work-tree
Date: Lun 19 mar 2012 18:04:52 CET
symbolic-ref HEAD
Date: Lun 19 mar 2012 18:04:53 CET
rev-parse --is-inside-git-dir
Date: Lun 19 mar 2012 18:04:53 CET
rev-parse --is-inside-work-tree
Date: Lun 19 mar 2012 18:04:53 CET
symbolic-ref HEAD
Date: Lun 19 mar 2012 18:04:55 CET
rev-parse --is-inside-git-dir
Date: Lun 19 mar 2012 18:04:55 CET
rev-parse --is-inside-work-tree
Date: Lun 19 mar 2012 18:04:55 CET
symbolic-ref HEAD
Date: Lun 19 mar 2012 18:04:55 CET
rev-parse --is-inside-git-dir
Date: Lun 19 mar 2012 18:04:55 CET
rev-parse --is-inside-work-tree
Date: Lun 19 mar 2012 18:04:56 CET
symbolic-ref HEAD
Date: Lun 19 mar 2012 18:05:03 CET
rev-parse --is-inside-git-dir
Date: Lun 19 mar 2012 18:05:03 CET
rev-parse --is-inside-work-tree
Date: Lun 19 mar 2012 18:05:03 CET
symbolic-ref HEAD
Date: Lun 19 mar 2012 18:05:07 CET
rev-parse --is-inside-git-dir
Date: Lun 19 mar 2012 18:05:07 CET
rev-parse --is-inside-work-tree
Date: Lun 19 mar 2012 18:05:07 CET
symbolic-ref HEAD
Date: Lun 19 mar 2012 18:05:15 CET
rev-parse --is-inside-git-dir
Date: Lun 19 mar 2012 18:05:15 CET
rev-parse --is-inside-work-tree
Date: Lun 19 mar 2012 18:05:15 CET
symbolic-ref HEAD
Date: Lun 19 mar 2012 18:06:38 CET
rev-parse --is-inside-git-dir
Date: Lun 19 mar 2012 18:06:38 CET
rev-parse --is-inside-work-tree
Date: Lun 19 mar 2012 18:06:38 CET
symbolic-ref HEAD
Date: Lun 19 mar 2012 18:07:08 CET
rev-parse --is-inside-git-dir
Date: Lun 19 mar 2012 18:07:08 CET
rev-parse --is-inside-work-tree
Date: Lun 19 mar 2012 18:07:08 CET
symbolic-ref HEAD
Date: Lun 19 mar 2012 18:07:40 CET
rev-parse --is-inside-git-dir
Date: Lun 19 mar 2012 18:07:40 CET
rev-parse --is-inside-work-tree
Date: Lun 19 mar 2012 18:07:40 CET
symbolic-ref HEAD
Date: Mar 20 mar 2012 09:42:34 CET
rev-parse --is-inside-git-dir
Date: Mar 20 mar 2012 09:42:34 CET
rev-parse --is-inside-work-tree
Date: Mar 20 mar 2012 09:42:34 CET
symbolic-ref HEAD
Date: Mar 20 mar 2012 09:42:36 CET
rev-parse --is-inside-git-dir
Date: Mar 20 mar 2012 09:42:36 CET
rev-parse --is-inside-work-tree
Date: Mar 20 mar 2012 09:42:36 CET
fetch
Date: Mar 20 mar 2012 09:42:43 CET
symbolic-ref HEAD
Date: Mar 20 mar 2012 09:42:47 CET
rev-parse --is-inside-git-dir
Date: Mar 20 mar 2012 09:42:47 CET
rev-parse --is-inside-work-tree
Date: Mar 20 mar 2012 09:42:47 CET
symbolic-ref HEAD
Date: Mar 20 mar 2012 09:42:51 CET
rev-parse --is-inside-git-dir
Date: Mar 20 mar 2012 09:42:51 CET
rev-parse --is-inside-work-tree
Date: Mar 20 mar 2012 09:42:52 CET
symbolic-ref HEAD
Date: Mar 20 mar 2012 09:50:46 CET
rev-parse --is-inside-git-dir
Date: Mar 20 mar 2012 09:50:46 CET
rev-parse --is-inside-work-tree
Date: Mar 20 mar 2012 09:50:46 CET
symbolic-ref HEAD
Date: Mar 20 mar 2012 09:51:30 CET
rev-parse --is-inside-git-dir
Date: Mar 20 mar 2012 09:51:30 CET
rev-parse --is-inside-work-tree
Date: Mar 20 mar 2012 09:51:30 CET
symbolic-ref HEAD
Date: Mar 20 mar 2012 09:51:37 CET
rev-parse --is-inside-git-dir
Date: Mar 20 mar 2012 09:51:37 CET
rev-parse --is-inside-work-tree
Date: Mar 20 mar 2012 09:51:37 CET
symbolic-ref HEAD
Date: Mar 20 mar 2012 09:51:43 CET
rev-parse --is-inside-git-dir
Date: Mar 20 mar 2012 09:51:43 CET
rev-parse --is-inside-work-tree
Date: Mar 20 mar 2012 09:51:43 CET
symbolic-ref HEAD
Date: Mar 20 mar 2012 09:57:13 CET
rev-parse --is-inside-git-dir
Date: Mar 20 mar 2012 09:57:13 CET
rev-parse --is-inside-work-tree
Date: Mar 20 mar 2012 09:57:14 CET
symbolic-ref HEAD
Date: Mar 20 mar 2012 09:58:10 CET
rev-parse --is-inside-git-dir
Date: Mar 20 mar 2012 09:58:10 CET
rev-parse --is-inside-work-tree
Date: Mar 20 mar 2012 09:58:10 CET
symbolic-ref HEAD
Date: Mar 20 mar 2012 09:58:30 CET
rev-parse --is-inside-git-dir
Date: Mar 20 mar 2012 09:58:30 CET
rev-parse --is-inside-work-tree
Date: Mar 20 mar 2012 09:58:30 CET
symbolic-ref HEAD
Date: Mar 20 mar 2012 11:19:15 CET
rev-parse --is-inside-git-dir
Date: Mar 20 mar 2012 11:19:15 CET
rev-parse --is-inside-work-tree
Date: Mar 20 mar 2012 11:19:15 CET
symbolic-ref HEAD
Date: Mar 20 mar 2012 11:19:16 CET
rev-parse --is-inside-git-dir
Date: Mar 20 mar 2012 11:19:16 CET
rev-parse --is-inside-work-tree
Date: Mar 20 mar 2012 11:19:16 CET
symbolic-ref HEAD
Date: Mar 20 mar 2012 11:19:44 CET
rev-parse --is-inside-git-dir
Date: Mar 20 mar 2012 11:19:44 CET
rev-parse --is-inside-work-tree
Date: Mar 20 mar 2012 11:19:44 CET
symbolic-ref HEAD
Date: Mar 20 mar 2012 11:19:47 CET
rev-parse --is-inside-git-dir
Date: Mar 20 mar 2012 11:19:47 CET
rev-parse --is-inside-work-tree
Date: Mar 20 mar 2012 11:19:47 CET
symbolic-ref HEAD
Date: Mar 20 mar 2012 11:19:52 CET
rev-parse --is-inside-git-dir
Date: Mar 20 mar 2012 11:19:52 CET
rev-parse --is-inside-work-tree
Date: Mar 20 mar 2012 11:19:52 CET
symbolic-ref HEAD
Date: Mar 20 mar 2012 11:20:46 CET
rev-parse --is-inside-git-dir
Date: Mar 20 mar 2012 11:20:46 CET
rev-parse --is-inside-work-tree
Date: Mar 20 mar 2012 11:20:46 CET
symbolic-ref HEAD
Date: Mar 20 mar 2012 11:21:42 CET
rev-parse --is-inside-git-dir
Date: Mar 20 mar 2012 11:21:42 CET
rev-parse --is-inside-work-tree
Date: Mar 20 mar 2012 11:21:42 CET
symbolic-ref HEAD
Date: Mar 20 mar 2012 11:23:14 CET
rev-parse --is-inside-git-dir
Date: Mar 20 mar 2012 11:23:14 CET
rev-parse --is-inside-work-tree
Date: Mar 20 mar 2012 11:23:14 CET
symbolic-ref HEAD
Date: Mar 20 mar 2012 11:37:23 CET
rev-parse --is-inside-git-dir
Date: Mar 20 mar 2012 11:37:23 CET
rev-parse --is-inside-work-tree
Date: Mar 20 mar 2012 11:37:23 CET
symbolic-ref HEAD
Date: Mar 20 mar 2012 11:37:32 CET
rev-parse --is-inside-git-dir
Date: Mar 20 mar 2012 11:37:32 CET
rev-parse --is-inside-work-tree
Date: Mar 20 mar 2012 11:37:32 CET
fetch
Date: Mar 20 mar 2012 11:40:10 CET
symbolic-ref HEAD
Date: Mar 20 mar 2012 11:40:10 CET
rev-parse --is-inside-git-dir
Date: Mar 20 mar 2012 11:40:10 CET
rev-parse --is-inside-work-tree
Date: Mar 20 mar 2012 11:40:10 CET
fetch
Date: Mar 20 mar 2012 11:49:39 CET
symbolic-ref HEAD
Date: Mar 20 mar 2012 11:49:43 CET
rev-parse --is-inside-git-dir
Date: Mar 20 mar 2012 11:49:43 CET
rev-parse --is-inside-work-tree
Date: Mar 20 mar 2012 11:49:44 CET
fetch
Date: Mar 20 mar 2012 11:49:53 CET
symbolic-ref HEAD
Date: Mar 20 mar 2012 11:49:53 CET
rev-parse --is-inside-git-dir
Date: Mar 20 mar 2012 11:49:53 CET
rev-parse --is-inside-work-tree
Date: Mar 20 mar 2012 11:49:53 CET
help -a
Date: Mar 20 mar 2012 11:50:07 CET
--git-dir=/Users/killy/vagrant/intra/bo-my-erp/.git config --get-regexp alias\..*
Date: Mar 20 mar 2012 11:50:07 CET
--git-dir=/Users/killy/vagrant/intra/bo-my-erp/.git config --get-regexp alias\..*
Date: Mar 20 mar 2012 11:50:07 CET
--git-dir=/Users/killy/vagrant/intra/bo-my-erp/.git config --get-regexp alias\..*
Date: Mar 20 mar 2012 11:50:08 CET
--git-dir=/Users/killy/vagrant/intra/bo-my-erp/.git config --get-regexp alias\..*
Date: Mar 20 mar 2012 11:50:08 CET
achievements -p
Date: Mar 20 mar 2012 11:50:14 CET
symbolic-ref HEAD
Date: Mar 20 mar 2012 11:50:14 CET
rev-parse --is-inside-git-dir
Date: Mar 20 mar 2012 11:50:14 CET
rev-parse --is-inside-work-tree
Date: Mar 20 mar 2012 11:50:14 CET
symbolic-ref HEAD
Date: Mar 20 mar 2012 11:50:32 CET
rev-parse --is-inside-git-dir
Date: Mar 20 mar 2012 11:50:32 CET
rev-parse --is-inside-work-tree
Date: Mar 20 mar 2012 11:50:32 CET
symbolic-ref HEAD
Date: Mar 20 mar 2012 11:50:46 CET
rev-parse --is-inside-git-dir
Date: Mar 20 mar 2012 11:50:46 CET
rev-parse --is-inside-work-tree
Date: Mar 20 mar 2012 11:50:46 CET
symbolic-ref HEAD
Date: Mar 20 mar 2012 11:50:54 CET
rev-parse --is-inside-git-dir
Date: Mar 20 mar 2012 11:50:54 CET
rev-parse --is-inside-work-tree
Date: Mar 20 mar 2012 11:50:54 CET
symbolic-ref HEAD
Date: Mar 20 mar 2012 11:50:55 CET
rev-parse --is-inside-git-dir
Date: Mar 20 mar 2012 11:50:55 CET
rev-parse --is-inside-work-tree
Date: Mar 20 mar 2012 11:50:55 CET
symbolic-ref HEAD
Date: Mar 20 mar 2012 11:50:58 CET
rev-parse --is-inside-git-dir
Date: Mar 20 mar 2012 11:50:58 CET
rev-parse --is-inside-work-tree
Date: Mar 20 mar 2012 11:50:58 CET
pull
Date: Mar 20 mar 2012 11:51:04 CET
symbolic-ref HEAD
Date: Mar 20 mar 2012 11:51:04 CET
rev-parse --is-inside-git-dir
Date: Mar 20 mar 2012 11:51:04 CET
rev-parse --is-inside-work-tree
Date: Mar 20 mar 2012 11:51:04 CET
symbolic-ref HEAD
Date: Mar 20 mar 2012 11:51:14 CET
rev-parse --is-inside-git-dir
Date: Mar 20 mar 2012 11:51:14 CET
rev-parse --is-inside-work-tree
Date: Mar 20 mar 2012 11:51:14 CET
symbolic-ref HEAD
Date: Mar 20 mar 2012 11:51:16 CET
rev-parse --is-inside-git-dir
Date: Mar 20 mar 2012 11:51:16 CET
rev-parse --is-inside-work-tree
Date: Mar 20 mar 2012 11:51:16 CET
achievements -p
Date: Mar 20 mar 2012 11:53:19 CET
symbolic-ref HEAD
Date: Mar 20 mar 2012 11:53:19 CET
rev-parse --is-inside-git-dir
Date: Mar 20 mar 2012 11:53:19 CET
rev-parse --is-inside-work-tree
Date: Mar 20 mar 2012 11:53:19 CET
achievements -p
Date: Mar 20 mar 2012 11:53:31 CET
symbolic-ref HEAD
Date: Mar 20 mar 2012 11:53:31 CET
rev-parse --is-inside-git-dir
Date: Mar 20 mar 2012 11:53:31 CET
rev-parse --is-inside-work-tree
Date: Mar 20 mar 2012 11:53:31 CET
symbolic-ref HEAD
Date: Mar 20 mar 2012 11:53:43 CET
rev-parse --is-inside-git-dir
Date: Mar 20 mar 2012 11:53:43 CET
rev-parse --is-inside-work-tree
Date: Mar 20 mar 2012 11:53:43 CET
achievements -p
Date: Mar 20 mar 2012 11:53:44 CET
symbolic-ref HEAD
Date: Mar 20 mar 2012 11:53:45 CET
rev-parse --is-inside-git-dir
Date: Mar 20 mar 2012 11:53:45 CET
rev-parse --is-inside-work-tree
Date: Mar 20 mar 2012 11:53:45 CET
--git-dir=.git config --get-regexp alias\..*
Date: Mar 20 mar 2012 11:54:12 CET
symbolic-ref HEAD
Date: Mar 20 mar 2012 11:54:17 CET
rev-parse --is-inside-git-dir
Date: Mar 20 mar 2012 11:54:17 CET
rev-parse --is-inside-work-tree
Date: Mar 20 mar 2012 11:54:17 CET
achievements
Date: Mar 20 mar 2012 11:54:20 CET
symbolic-ref HEAD
Date: Mar 20 mar 2012 11:54:20 CET
rev-parse --is-inside-git-dir
Date: Mar 20 mar 2012 11:54:20 CET
rev-parse --is-inside-work-tree
Date: Mar 20 mar 2012 11:54:20 CET
achievements -l
Date: Mar 20 mar 2012 11:54:23 CET
symbolic-ref HEAD
Date: Mar 20 mar 2012 11:54:23 CET
rev-parse --is-inside-git-dir
Date: Mar 20 mar 2012 11:54:23 CET
rev-parse --is-inside-work-tree
Date: Mar 20 mar 2012 11:54:23 CET
achievements -p
Date: Mar 20 mar 2012 11:54:29 CET
symbolic-ref HEAD
Date: Mar 20 mar 2012 11:54:29 CET
rev-parse --is-inside-git-dir
Date: Mar 20 mar 2012 11:54:29 CET
rev-parse --is-inside-work-tree
Date: Mar 20 mar 2012 11:54:29 CET
symbolic-ref HEAD
Date: Mar 20 mar 2012 11:54:35 CET
rev-parse --is-inside-git-dir
Date: Mar 20 mar 2012 11:54:35 CET
rev-parse --is-inside-work-tree
Date: Mar 20 mar 2012 11:54:35 CET
symbolic-ref HEAD
Date: Mar 20 mar 2012 11:54:37 CET
rev-parse --is-inside-git-dir
Date: Mar 20 mar 2012 11:54:37 CET
rev-parse --is-inside-work-tree
Date: Mar 20 mar 2012 11:54:37 CET
symbolic-ref HEAD
Date: Mar 20 mar 2012 11:54:49 CET
rev-parse --is-inside-git-dir
Date: Mar 20 mar 2012 11:54:49 CET
rev-parse --is-inside-work-tree
Date: Mar 20 mar 2012 11:54:49 CET
symbolic-ref HEAD
Date: Mar 20 mar 2012 11:54:56 CET
rev-parse --is-inside-git-dir
Date: Mar 20 mar 2012 11:54:56 CET
rev-parse --is-inside-work-tree
Date: Mar 20 mar 2012 11:54:56 CET
symbolic-ref HEAD
Date: Mar 20 mar 2012 11:54:58 CET
rev-parse --is-inside-git-dir
Date: Mar 20 mar 2012 11:54:58 CET
rev-parse --is-inside-work-tree
Date: Mar 20 mar 2012 11:54:58 CET
symbolic-ref HEAD
Date: Mar 20 mar 2012 11:55:00 CET
rev-parse --is-inside-git-dir
Date: Mar 20 mar 2012 11:55:00 CET
rev-parse --is-inside-work-tree
Date: Mar 20 mar 2012 11:55:00 CET
symbolic-ref HEAD
Date: Mar 20 mar 2012 11:55:04 CET
rev-parse --is-inside-git-dir
Date: Mar 20 mar 2012 11:55:04 CET
rev-parse --is-inside-work-tree
Date: Mar 20 mar 2012 11:55:04 CET
symbolic-ref HEAD
Date: Mar 20 mar 2012 11:55:06 CET
rev-parse --is-inside-git-dir
Date: Mar 20 mar 2012 11:55:06 CET
rev-parse --is-inside-work-tree
Date: Mar 20 mar 2012 11:55:06 CET
symbolic-ref HEAD
Date: Mar 20 mar 2012 11:55:11 CET
rev-parse --is-inside-git-dir
Date: Mar 20 mar 2012 11:55:11 CET
rev-parse --is-inside-work-tree
Date: Mar 20 mar 2012 11:55:11 CET
symbolic-ref HEAD
Date: Mar 20 mar 2012 11:55:24 CET
rev-parse --is-inside-git-dir
Date: Mar 20 mar 2012 11:55:24 CET
rev-parse --is-inside-work-tree
Date: Mar 20 mar 2012 11:55:24 CET
symbolic-ref HEAD
Date: Mar 20 mar 2012 11:55:29 CET
rev-parse --is-inside-git-dir
Date: Mar 20 mar 2012 11:55:29 CET
rev-parse --is-inside-work-tree
Date: Mar 20 mar 2012 11:55:29 CET
symbolic-ref HEAD
Date: Mar 20 mar 2012 11:55:41 CET
rev-parse --is-inside-git-dir
Date: Mar 20 mar 2012 11:55:41 CET
rev-parse --is-inside-work-tree
Date: Mar 20 mar 2012 11:55:41 CET
symbolic-ref HEAD
Date: Mar 20 mar 2012 11:55:48 CET
rev-parse --is-inside-git-dir
Date: Mar 20 mar 2012 11:55:48 CET
rev-parse --is-inside-work-tree
Date: Mar 20 mar 2012 11:55:48 CET
symbolic-ref HEAD
Date: Mar 20 mar 2012 11:56:31 CET
rev-parse --is-inside-git-dir
Date: Mar 20 mar 2012 11:56:31 CET
rev-parse --is-inside-work-tree
Date: Mar 20 mar 2012 11:56:31 CET
achievements -p
Date: Mar 20 mar 2012 11:56:43 CET
symbolic-ref HEAD
Date: Mar 20 mar 2012 11:56:43 CET
rev-parse --is-inside-git-dir
Date: Mar 20 mar 2012 11:56:43 CET
rev-parse --is-inside-work-tree
Date: Mar 20 mar 2012 11:56:43 CET
symbolic-ref HEAD
Date: Mar 20 mar 2012 13:43:09 CET
rev-parse --is-inside-git-dir
Date: Mar 20 mar 2012 13:43:10 CET
rev-parse --is-inside-work-tree
Date: Mar 20 mar 2012 13:43:10 CET
symbolic-ref HEAD
Date: Mar 20 mar 2012 13:43:17 CET
rev-parse --is-inside-git-dir
Date: Mar 20 mar 2012 13:43:17 CET
rev-parse --is-inside-work-tree
Date: Mar 20 mar 2012 13:43:17 CET
symbolic-ref HEAD
Date: Mar 20 mar 2012 13:55:13 CET
rev-parse --is-inside-git-dir
Date: Mar 20 mar 2012 13:55:13 CET
rev-parse --is-inside-work-tree
Date: Mar 20 mar 2012 13:55:13 CET
fetch
Date: Mar 20 mar 2012 13:55:21 CET
symbolic-ref HEAD
Date: Mar 20 mar 2012 13:55:22 CET
rev-parse --is-inside-git-dir
Date: Mar 20 mar 2012 13:55:22 CET
rev-parse --is-inside-work-tree
Date: Mar 20 mar 2012 13:55:22 CET
stash
Date: Mar 20 mar 2012 13:55:28 CET
symbolic-ref HEAD
Date: Mar 20 mar 2012 13:55:28 CET
rev-parse --is-inside-git-dir
Date: Mar 20 mar 2012 13:55:28 CET
rev-parse --is-inside-work-tree
Date: Mar 20 mar 2012 13:55:28 CET
--git-dir=.git config --get-regexp alias\..*
Date: Mar 20 mar 2012 13:55:28 CET
rebase origin/harmonisation-crons
Date: Mar 20 mar 2012 13:55:38 CET
symbolic-ref HEAD
Date: Mar 20 mar 2012 13:55:38 CET
rev-parse --is-inside-git-dir
Date: Mar 20 mar 2012 13:55:38 CET
rev-parse --is-inside-work-tree
Date: Mar 20 mar 2012 13:55:38 CET
stash pop
Date: Mar 20 mar 2012 13:55:46 CET
symbolic-ref HEAD
Date: Mar 20 mar 2012 13:55:50 CET
rev-parse --is-inside-git-dir
Date: Mar 20 mar 2012 13:55:50 CET
rev-parse --is-inside-work-tree
Date: Mar 20 mar 2012 13:55:50 CET
symbolic-ref HEAD
Date: Mar 20 mar 2012 13:56:01 CET
rev-parse --is-inside-git-dir
Date: Mar 20 mar 2012 13:56:01 CET
rev-parse --is-inside-work-tree
Date: Mar 20 mar 2012 13:56:01 CET
symbolic-ref HEAD
Date: Mar 20 mar 2012 13:58:07 CET
rev-parse --is-inside-git-dir
Date: Mar 20 mar 2012 13:58:07 CET
rev-parse --is-inside-work-tree
Date: Mar 20 mar 2012 13:58:07 CET
symbolic-ref HEAD
Date: Mar 20 mar 2012 13:58:26 CET
rev-parse --is-inside-git-dir
Date: Mar 20 mar 2012 13:58:26 CET
rev-parse --is-inside-work-tree
Date: Mar 20 mar 2012 13:58:26 CET
symbolic-ref HEAD
Date: Mar 20 mar 2012 13:59:09 CET
rev-parse --is-inside-git-dir
Date: Mar 20 mar 2012 13:59:09 CET
rev-parse --is-inside-work-tree
Date: Mar 20 mar 2012 13:59:10 CET
symbolic-ref HEAD
Date: Mar 20 mar 2012 14:01:57 CET
rev-parse --is-inside-git-dir
Date: Mar 20 mar 2012 14:01:57 CET
rev-parse --is-inside-work-tree
Date: Mar 20 mar 2012 14:01:57 CET
symbolic-ref HEAD
Date: Mar 20 mar 2012 14:02:05 CET
rev-parse --is-inside-git-dir
Date: Mar 20 mar 2012 14:02:05 CET
rev-parse --is-inside-work-tree
Date: Mar 20 mar 2012 14:02:05 CET
symbolic-ref HEAD
Date: Mar 20 mar 2012 14:02:11 CET
rev-parse --is-inside-git-dir
Date: Mar 20 mar 2012 14:02:11 CET
rev-parse --is-inside-work-tree
Date: Mar 20 mar 2012 14:02:11 CET
achievements -l
Date: Mar 20 mar 2012 14:02:20 CET
symbolic-ref HEAD
Date: Mar 20 mar 2012 14:02:20 CET
rev-parse --is-inside-git-dir
Date: Mar 20 mar 2012 14:02:20 CET
rev-parse --is-inside-work-tree
Date: Mar 20 mar 2012 14:02:20 CET
achievements -p
Date: Mar 20 mar 2012 14:02:28 CET
symbolic-ref HEAD
Date: Mar 20 mar 2012 14:02:28 CET
rev-parse --is-inside-git-dir
Date: Mar 20 mar 2012 14:02:28 CET
rev-parse --is-inside-work-tree
Date: Mar 20 mar 2012 14:02:28 CET
symbolic-ref HEAD
Date: Mar 20 mar 2012 14:02:41 CET
rev-parse --is-inside-git-dir
Date: Mar 20 mar 2012 14:02:41 CET
rev-parse --is-inside-work-tree
Date: Mar 20 mar 2012 14:02:41 CET
status 
Date: Mar 20 mar 2012 14:02:45 CET
symbolic-ref HEAD
Date: Mar 20 mar 2012 14:02:45 CET
rev-parse --is-inside-git-dir
Date: Mar 20 mar 2012 14:02:45 CET
rev-parse --is-inside-work-tree
Date: Mar 20 mar 2012 14:02:45 CET
add .git-achievements-action.log .git-achievements.log
Date: Mar 20 mar 2012 14:03:03 CET
symbolic-ref HEAD
Date: Mar 20 mar 2012 14:03:03 CET
rev-parse --is-inside-git-dir
Date: Mar 20 mar 2012 14:03:03 CET
rev-parse --is-inside-work-tree
Date: Mar 20 mar 2012 14:03:03 CET
add git-achievements
Date: Mar 20 mar 2012 14:03:07 CET
symbolic-ref HEAD
Date: Mar 20 mar 2012 14:03:08 CET
rev-parse --is-inside-git-dir
Date: Mar 20 mar 2012 14:03:08 CET
rev-parse --is-inside-work-tree
Date: Mar 20 mar 2012 14:03:08 CET
status 
Date: Mar 20 mar 2012 14:03:11 CET
symbolic-ref HEAD
Date: Mar 20 mar 2012 14:03:11 CET
rev-parse --is-inside-git-dir
Date: Mar 20 mar 2012 14:03:11 CET
rev-parse --is-inside-work-tree
Date: Mar 20 mar 2012 14:03:11 CET
add README git-achievements index.html index.rss style.css test
Date: Mar 20 mar 2012 14:03:16 CET
symbolic-ref HEAD
Date: Mar 20 mar 2012 14:03:16 CET
rev-parse --is-inside-git-dir
Date: Mar 20 mar 2012 14:03:16 CET
rev-parse --is-inside-work-tree
Date: Mar 20 mar 2012 14:03:16 CET
status 
Date: Mar 20 mar 2012 14:03:18 CET
symbolic-ref HEAD
Date: Mar 20 mar 2012 14:03:18 CET
rev-parse --is-inside-git-dir
Date: Mar 20 mar 2012 14:03:18 CET
rev-parse --is-inside-work-tree
Date: Mar 20 mar 2012 14:03:18 CET
add .git-achievements-action.log .git-achievements.log
Date: Mar 20 mar 2012 14:03:30 CET
symbolic-ref HEAD
Date: Mar 20 mar 2012 14:03:30 CET
rev-parse --is-inside-git-dir
Date: Mar 20 mar 2012 14:03:30 CET
rev-parse --is-inside-work-tree
Date: Mar 20 mar 2012 14:03:30 CET
status 
Date: Mar 20 mar 2012 14:03:33 CET
symbolic-ref HEAD
Date: Mar 20 mar 2012 14:03:33 CET
rev-parse --is-inside-git-dir
Date: Mar 20 mar 2012 14:03:33 CET
rev-parse --is-inside-work-tree
Date: Mar 20 mar 2012 14:03:33 CET
add .git-achievements-action.log .git-achievements.log
Date: Mar 20 mar 2012 14:03:35 CET
symbolic-ref HEAD
Date: Mar 20 mar 2012 14:03:35 CET
rev-parse --is-inside-git-dir
Date: Mar 20 mar 2012 14:03:35 CET
rev-parse --is-inside-work-tree
Date: Mar 20 mar 2012 14:03:35 CET
add index.html index.rss
Date: Mar 20 mar 2012 14:03:42 CET
symbolic-ref HEAD
Date: Mar 20 mar 2012 14:03:42 CET
rev-parse --is-inside-git-dir
Date: Mar 20 mar 2012 14:03:42 CET
rev-parse --is-inside-work-tree
Date: Mar 20 mar 2012 14:03:42 CET
commit -m [FIX]log in repository
Date: Mar 20 mar 2012 14:04:02 CET
symbolic-ref HEAD
Date: Mar 20 mar 2012 14:04:02 CET
rev-parse --is-inside-git-dir
Date: Mar 20 mar 2012 14:04:02 CET
rev-parse --is-inside-work-tree
Date: Mar 20 mar 2012 14:04:02 CET
--git-dir=.git config --get-regexp remote\..*\.url
Date: Mar 20 mar 2012 14:04:06 CET
push origin gh-pages
Date: Mar 20 mar 2012 14:04:12 CET
symbolic-ref HEAD
Date: Mar 20 mar 2012 14:04:12 CET
rev-parse --is-inside-git-dir
Date: Mar 20 mar 2012 14:04:12 CET
rev-parse --is-inside-work-tree
Date: Mar 20 mar 2012 14:04:12 CET
symbolic-ref HEAD
Date: Mar 20 mar 2012 14:04:14 CET
rev-parse --is-inside-git-dir
Date: Mar 20 mar 2012 14:04:14 CET
rev-parse --is-inside-work-tree
Date: Mar 20 mar 2012 14:04:14 CET
symbolic-ref HEAD
Date: Mar 20 mar 2012 14:04:54 CET
rev-parse --is-inside-git-dir
Date: Mar 20 mar 2012 14:04:54 CET
rev-parse --is-inside-work-tree
Date: Mar 20 mar 2012 14:04:54 CET
symbolic-ref HEAD
Date: Mar 20 mar 2012 14:04:55 CET
rev-parse --is-inside-git-dir
Date: Mar 20 mar 2012 14:04:55 CET
rev-parse --is-inside-work-tree
Date: Mar 20 mar 2012 14:04:55 CET
status 
Date: Mar 20 mar 2012 14:04:59 CET
symbolic-ref HEAD
Date: Mar 20 mar 2012 14:04:59 CET
rev-parse --is-inside-git-dir
Date: Mar 20 mar 2012 14:04:59 CET
rev-parse --is-inside-work-tree
Date: Mar 20 mar 2012 14:04:59 CET
achievements -l
Date: Mar 20 mar 2012 14:05:12 CET
symbolic-ref HEAD
Date: Mar 20 mar 2012 14:05:12 CET
rev-parse --is-inside-git-dir
Date: Mar 20 mar 2012 14:05:12 CET
rev-parse --is-inside-work-tree
Date: Mar 20 mar 2012 14:05:12 CET
achievements -p
Date: Mar 20 mar 2012 14:05:21 CET
symbolic-ref HEAD
Date: Mar 20 mar 2012 14:05:21 CET
rev-parse --is-inside-git-dir
Date: Mar 20 mar 2012 14:05:21 CET
rev-parse --is-inside-work-tree
Date: Mar 20 mar 2012 14:05:21 CET
symbolic-ref HEAD
Date: Mar 20 mar 2012 14:05:28 CET
rev-parse --is-inside-git-dir
Date: Mar 20 mar 2012 14:05:28 CET
rev-parse --is-inside-work-tree
Date: Mar 20 mar 2012 14:05:28 CET
symbolic-ref HEAD
Date: Mar 20 mar 2012 14:05:48 CET
rev-parse --is-inside-git-dir
Date: Mar 20 mar 2012 14:05:48 CET
rev-parse --is-inside-work-tree
Date: Mar 20 mar 2012 14:05:48 CET
commit -a
Date: Mar 20 mar 2012 14:06:58 CET
symbolic-ref HEAD
Date: Mar 20 mar 2012 14:07:03 CET
rev-parse --is-inside-git-dir
Date: Mar 20 mar 2012 14:07:03 CET
rev-parse --is-inside-work-tree
Date: Mar 20 mar 2012 14:07:03 CET
--git-dir=.git config --get-regexp alias\..*
Date: Mar 20 mar 2012 14:07:14 CET
symbolic-ref HEAD
Date: Mar 20 mar 2012 14:07:20 CET
rev-parse --is-inside-git-dir
Date: Mar 20 mar 2012 14:07:20 CET
rev-parse --is-inside-work-tree
Date: Mar 20 mar 2012 14:07:20 CET
rebase -i origin/harmonisation-crons
Date: Mar 20 mar 2012 14:07:40 CET
symbolic-ref HEAD
Date: Mar 20 mar 2012 14:07:40 CET
rev-parse --is-inside-git-dir
Date: Mar 20 mar 2012 14:07:40 CET
rev-parse --is-inside-work-tree
Date: Mar 20 mar 2012 14:07:40 CET
fetch
Date: Mar 20 mar 2012 14:07:56 CET
symbolic-ref HEAD
Date: Mar 20 mar 2012 14:07:56 CET
rev-parse --is-inside-git-dir
Date: Mar 20 mar 2012 14:07:56 CET
rev-parse --is-inside-work-tree
Date: Mar 20 mar 2012 14:07:56 CET
--git-dir=.git config --get-regexp alias\..*
Date: Mar 20 mar 2012 14:08:03 CET
rebase origin/harmonisation-crons
Date: Mar 20 mar 2012 14:08:07 CET
symbolic-ref HEAD
Date: Mar 20 mar 2012 14:08:07 CET
rev-parse --is-inside-git-dir
Date: Mar 20 mar 2012 14:08:07 CET
rev-parse --is-inside-work-tree
Date: Mar 20 mar 2012 14:08:07 CET
symbolic-ref HEAD
Date: Mar 20 mar 2012 15:38:59 CET
rev-parse --is-inside-git-dir
Date: Mar 20 mar 2012 15:38:59 CET
rev-parse --is-inside-work-tree
Date: Mar 20 mar 2012 15:39:00 CET
symbolic-ref HEAD
Date: Mar 20 mar 2012 15:39:18 CET
rev-parse --is-inside-git-dir
Date: Mar 20 mar 2012 15:39:18 CET
rev-parse --is-inside-work-tree
Date: Mar 20 mar 2012 15:39:18 CET
symbolic-ref HEAD
Date: Mar 20 mar 2012 15:41:03 CET
rev-parse --is-inside-git-dir
Date: Mar 20 mar 2012 15:41:03 CET
rev-parse --is-inside-work-tree
Date: Mar 20 mar 2012 15:41:03 CET
symbolic-ref HEAD
Date: Mar 20 mar 2012 15:41:13 CET
rev-parse --is-inside-git-dir
Date: Mar 20 mar 2012 15:41:13 CET
rev-parse --is-inside-work-tree
Date: Mar 20 mar 2012 15:41:13 CET
symbolic-ref HEAD
Date: Mar 20 mar 2012 15:41:27 CET
rev-parse --is-inside-git-dir
Date: Mar 20 mar 2012 15:41:27 CET
rev-parse --is-inside-work-tree
Date: Mar 20 mar 2012 15:41:28 CET
symbolic-ref HEAD
Date: Mar 20 mar 2012 15:41:31 CET
rev-parse --is-inside-git-dir
Date: Mar 20 mar 2012 15:41:31 CET
rev-parse --is-inside-work-tree
Date: Mar 20 mar 2012 15:41:31 CET
symbolic-ref HEAD
Date: Mar 20 mar 2012 15:41:38 CET
rev-parse --is-inside-git-dir
Date: Mar 20 mar 2012 15:41:38 CET
rev-parse --is-inside-work-tree
Date: Mar 20 mar 2012 15:41:38 CET
symbolic-ref HEAD
Date: Mar 20 mar 2012 15:41:41 CET
rev-parse --is-inside-git-dir
Date: Mar 20 mar 2012 15:41:41 CET
rev-parse --is-inside-work-tree
Date: Mar 20 mar 2012 15:41:41 CET
symbolic-ref HEAD
Date: Mar 20 mar 2012 15:42:00 CET
rev-parse --is-inside-git-dir
Date: Mar 20 mar 2012 15:42:00 CET
rev-parse --is-inside-work-tree
Date: Mar 20 mar 2012 15:42:00 CET
symbolic-ref HEAD
Date: Mar 20 mar 2012 15:42:04 CET
rev-parse --is-inside-git-dir
Date: Mar 20 mar 2012 15:42:04 CET
rev-parse --is-inside-work-tree
Date: Mar 20 mar 2012 15:42:04 CET
symbolic-ref HEAD
Date: Mar 20 mar 2012 15:42:21 CET
rev-parse --is-inside-git-dir
Date: Mar 20 mar 2012 15:42:21 CET
rev-parse --is-inside-work-tree
Date: Mar 20 mar 2012 15:42:21 CET
symbolic-ref HEAD
Date: Mar 20 mar 2012 15:42:47 CET
rev-parse --is-inside-git-dir
Date: Mar 20 mar 2012 15:42:47 CET
rev-parse --is-inside-work-tree
Date: Mar 20 mar 2012 15:42:47 CET
symbolic-ref HEAD
Date: Mar 20 mar 2012 15:42:53 CET
rev-parse --is-inside-git-dir
Date: Mar 20 mar 2012 15:42:53 CET
rev-parse --is-inside-work-tree
Date: Mar 20 mar 2012 15:42:53 CET
symbolic-ref HEAD
Date: Mar 20 mar 2012 15:43:44 CET
rev-parse --is-inside-git-dir
Date: Mar 20 mar 2012 15:43:44 CET
rev-parse --is-inside-work-tree
Date: Mar 20 mar 2012 15:43:44 CET
symbolic-ref HEAD
Date: Mar 20 mar 2012 15:44:28 CET
rev-parse --is-inside-git-dir
Date: Mar 20 mar 2012 15:44:28 CET
rev-parse --is-inside-work-tree
Date: Mar 20 mar 2012 15:44:28 CET
symbolic-ref HEAD
Date: Mar 20 mar 2012 15:46:16 CET
rev-parse --is-inside-git-dir
Date: Mar 20 mar 2012 15:46:16 CET
rev-parse --is-inside-work-tree
Date: Mar 20 mar 2012 15:46:16 CET
symbolic-ref HEAD
Date: Mar 20 mar 2012 15:46:37 CET
rev-parse --is-inside-git-dir
Date: Mar 20 mar 2012 15:46:37 CET
rev-parse --is-inside-work-tree
Date: Mar 20 mar 2012 15:46:37 CET
symbolic-ref HEAD
Date: Mar 20 mar 2012 15:56:08 CET
rev-parse --is-inside-git-dir
Date: Mar 20 mar 2012 15:56:08 CET
rev-parse --is-inside-work-tree
Date: Mar 20 mar 2012 15:56:08 CET
symbolic-ref HEAD
Date: Mar 20 mar 2012 16:02:59 CET
rev-parse --is-inside-git-dir
Date: Mar 20 mar 2012 16:02:59 CET
rev-parse --is-inside-work-tree
Date: Mar 20 mar 2012 16:02:59 CET
commit -a
Date: Mar 20 mar 2012 16:03:14 CET
symbolic-ref HEAD
Date: Mar 20 mar 2012 16:03:17 CET
rev-parse --is-inside-git-dir
Date: Mar 20 mar 2012 16:03:17 CET
rev-parse --is-inside-work-tree
Date: Mar 20 mar 2012 16:03:17 CET
fetch
Date: Mar 20 mar 2012 16:03:24 CET
symbolic-ref HEAD
Date: Mar 20 mar 2012 16:03:33 CET
rev-parse --is-inside-git-dir
Date: Mar 20 mar 2012 16:03:33 CET
rev-parse --is-inside-work-tree
Date: Mar 20 mar 2012 16:03:33 CET
symbolic-ref HEAD
Date: Mar 20 mar 2012 16:03:33 CET
rev-parse --is-inside-git-dir
Date: Mar 20 mar 2012 16:03:34 CET
rev-parse --is-inside-work-tree
Date: Mar 20 mar 2012 16:03:34 CET
--git-dir=/Users/killy/vagrant/intra/bo-my-erp/.git config --get-regexp alias\..*
Date: Mar 20 mar 2012 16:03:44 CET
rebase origin/harmonisation-crons
Date: Mar 20 mar 2012 16:03:50 CET
symbolic-ref HEAD
Date: Mar 20 mar 2012 16:03:50 CET
rev-parse --is-inside-git-dir
Date: Mar 20 mar 2012 16:03:50 CET
rev-parse --is-inside-work-tree
Date: Mar 20 mar 2012 16:03:50 CET
symbolic-ref HEAD
Date: Mar 20 mar 2012 16:06:12 CET
rev-parse --is-inside-git-dir
Date: Mar 20 mar 2012 16:06:12 CET
rev-parse --is-inside-work-tree
Date: Mar 20 mar 2012 16:06:12 CET
symbolic-ref HEAD
Date: Mar 20 mar 2012 16:08:08 CET
rev-parse --is-inside-git-dir
Date: Mar 20 mar 2012 16:08:08 CET
rev-parse --is-inside-work-tree
Date: Mar 20 mar 2012 16:08:08 CET
symbolic-ref HEAD
Date: Mar 20 mar 2012 16:09:57 CET
rev-parse --is-inside-git-dir
Date: Mar 20 mar 2012 16:09:57 CET
rev-parse --is-inside-work-tree
Date: Mar 20 mar 2012 16:09:57 CET
symbolic-ref HEAD
Date: Mar 20 mar 2012 16:10:16 CET
rev-parse --is-inside-git-dir
Date: Mar 20 mar 2012 16:10:16 CET
rev-parse --is-inside-work-tree
Date: Mar 20 mar 2012 16:10:16 CET
symbolic-ref HEAD
Date: Mar 20 mar 2012 16:11:07 CET
rev-parse --is-inside-git-dir
Date: Mar 20 mar 2012 16:11:07 CET
rev-parse --is-inside-work-tree
Date: Mar 20 mar 2012 16:11:07 CET
symbolic-ref HEAD
Date: Mar 20 mar 2012 16:12:05 CET
rev-parse --is-inside-git-dir
Date: Mar 20 mar 2012 16:12:05 CET
rev-parse --is-inside-work-tree
Date: Mar 20 mar 2012 16:12:05 CET
symbolic-ref HEAD
Date: Mar 20 mar 2012 16:14:19 CET
rev-parse --is-inside-git-dir
Date: Mar 20 mar 2012 16:14:19 CET
rev-parse --is-inside-work-tree
Date: Mar 20 mar 2012 16:14:19 CET
symbolic-ref HEAD
Date: Mar 20 mar 2012 16:15:30 CET
rev-parse --is-inside-git-dir
Date: Mar 20 mar 2012 16:15:30 CET
rev-parse --is-inside-work-tree
Date: Mar 20 mar 2012 16:15:30 CET
symbolic-ref HEAD
Date: Mar 20 mar 2012 16:17:03 CET
rev-parse --is-inside-git-dir
Date: Mar 20 mar 2012 16:17:03 CET
rev-parse --is-inside-work-tree
Date: Mar 20 mar 2012 16:17:03 CET
symbolic-ref HEAD
Date: Mar 20 mar 2012 16:18:33 CET
rev-parse --is-inside-git-dir
Date: Mar 20 mar 2012 16:18:33 CET
rev-parse --is-inside-work-tree
Date: Mar 20 mar 2012 16:18:33 CET
symbolic-ref HEAD
Date: Mar 20 mar 2012 16:20:33 CET
rev-parse --is-inside-git-dir
Date: Mar 20 mar 2012 16:20:34 CET
rev-parse --is-inside-work-tree
Date: Mar 20 mar 2012 16:20:34 CET
symbolic-ref HEAD
Date: Mar 20 mar 2012 16:22:51 CET
rev-parse --is-inside-git-dir
Date: Mar 20 mar 2012 16:22:51 CET
rev-parse --is-inside-work-tree
Date: Mar 20 mar 2012 16:22:51 CET
symbolic-ref HEAD
Date: Mar 20 mar 2012 16:24:36 CET
rev-parse --is-inside-git-dir
Date: Mar 20 mar 2012 16:24:36 CET
rev-parse --is-inside-work-tree
Date: Mar 20 mar 2012 16:24:36 CET
symbolic-ref HEAD
Date: Mar 20 mar 2012 16:26:24 CET
rev-parse --is-inside-git-dir
Date: Mar 20 mar 2012 16:26:24 CET
rev-parse --is-inside-work-tree
Date: Mar 20 mar 2012 16:26:24 CET
symbolic-ref HEAD
Date: Mar 20 mar 2012 16:27:31 CET
rev-parse --is-inside-git-dir
Date: Mar 20 mar 2012 16:27:31 CET
rev-parse --is-inside-work-tree
Date: Mar 20 mar 2012 16:27:31 CET
symbolic-ref HEAD
Date: Mar 20 mar 2012 16:36:45 CET
rev-parse --is-inside-git-dir
Date: Mar 20 mar 2012 16:36:45 CET
rev-parse --is-inside-work-tree
Date: Mar 20 mar 2012 16:36:45 CET
symbolic-ref HEAD
Date: Mar 20 mar 2012 16:48:06 CET
rev-parse --is-inside-git-dir
Date: Mar 20 mar 2012 16:48:06 CET
rev-parse --is-inside-work-tree
Date: Mar 20 mar 2012 16:48:06 CET
fetch
Date: Mar 20 mar 2012 17:15:35 CET
symbolic-ref HEAD
Date: Mar 20 mar 2012 17:15:35 CET
rev-parse --is-inside-git-dir
Date: Mar 20 mar 2012 17:15:35 CET
rev-parse --is-inside-work-tree
Date: Mar 20 mar 2012 17:15:35 CET
symbolic-ref HEAD
Date: Mar 20 mar 2012 17:15:37 CET
rev-parse --is-inside-git-dir
Date: Mar 20 mar 2012 17:15:37 CET
rev-parse --is-inside-work-tree
Date: Mar 20 mar 2012 17:15:37 CET
commit -a
Date: Mar 20 mar 2012 17:16:10 CET
symbolic-ref HEAD
Date: Mar 20 mar 2012 17:16:19 CET
rev-parse --is-inside-git-dir
Date: Mar 20 mar 2012 17:16:19 CET
rev-parse --is-inside-work-tree
Date: Mar 20 mar 2012 17:16:19 CET
--git-dir=/Users/killy/vagrant/intra/bo-my-erp/.git config --get-regexp alias\..*
Date: Mar 20 mar 2012 17:16:26 CET
rebase -i origin/harmonisation-crons
Date: Mar 20 mar 2012 17:17:22 CET
symbolic-ref HEAD
Date: Mar 20 mar 2012 17:17:29 CET
rev-parse --is-inside-git-dir
Date: Mar 20 mar 2012 17:17:29 CET
rev-parse --is-inside-work-tree
Date: Mar 20 mar 2012 17:17:29 CET
--git-dir=/Users/killy/vagrant/intra/bo-my-erp/.git config --get-regexp remote\..*\.url
Date: Mar 20 mar 2012 17:17:50 CET
push origin harmonisation-crons
Date: Mar 20 mar 2012 17:17:53 CET
symbolic-ref HEAD
Date: Mar 20 mar 2012 17:17:59 CET
rev-parse --is-inside-git-dir
Date: Mar 20 mar 2012 17:17:59 CET
rev-parse --is-inside-work-tree
Date: Mar 20 mar 2012 17:17:59 CET
symbolic-ref HEAD
Date: Mar 20 mar 2012 17:20:03 CET
rev-parse --is-inside-git-dir
Date: Mar 20 mar 2012 17:20:03 CET
rev-parse --is-inside-work-tree
Date: Mar 20 mar 2012 17:20:03 CET
fetch
Date: Mar 20 mar 2012 17:20:06 CET
symbolic-ref HEAD
Date: Mar 20 mar 2012 17:20:06 CET
rev-parse --is-inside-git-dir
Date: Mar 20 mar 2012 17:20:06 CET
rev-parse --is-inside-work-tree
Date: Mar 20 mar 2012 17:20:06 CET
symbolic-ref HEAD
Date: Mer 21 mar 2012 10:23:55 CET
rev-parse --is-inside-git-dir
Date: Mer 21 mar 2012 10:23:55 CET
rev-parse --is-inside-work-tree
Date: Mer 21 mar 2012 10:23:55 CET
symbolic-ref HEAD
Date: Mer 21 mar 2012 10:24:06 CET
rev-parse --is-inside-git-dir
Date: Mer 21 mar 2012 10:24:06 CET
rev-parse --is-inside-work-tree
Date: Mer 21 mar 2012 10:24:06 CET
symbolic-ref HEAD
Date: Mer 21 mar 2012 10:24:09 CET
rev-parse --is-inside-git-dir
Date: Mer 21 mar 2012 10:24:09 CET
rev-parse --is-inside-work-tree
Date: Mer 21 mar 2012 10:24:09 CET
symbolic-ref HEAD
Date: Mer 21 mar 2012 11:41:19 CET
rev-parse --is-inside-git-dir
Date: Mer 21 mar 2012 11:41:19 CET
rev-parse --is-inside-work-tree
Date: Mer 21 mar 2012 11:41:19 CET
symbolic-ref HEAD
Date: Mer 21 mar 2012 15:04:50 CET
rev-parse --is-inside-git-dir
Date: Mer 21 mar 2012 15:04:50 CET
rev-parse --is-inside-work-tree
Date: Mer 21 mar 2012 15:04:50 CET
symbolic-ref HEAD
Date: Mer 21 mar 2012 15:04:56 CET
rev-parse --is-inside-git-dir
Date: Mer 21 mar 2012 15:04:56 CET
rev-parse --is-inside-work-tree
Date: Mer 21 mar 2012 15:04:56 CET
symbolic-ref HEAD
Date: Mer 21 mar 2012 15:28:58 CET
rev-parse --is-inside-git-dir
Date: Mer 21 mar 2012 15:28:58 CET
rev-parse --is-inside-work-tree
Date: Mer 21 mar 2012 15:28:58 CET
clone gitosis@svn.etna-alternance.eu:intra-vagrant
Date: Mer 21 mar 2012 15:31:20 CET
symbolic-ref HEAD
Date: Mer 21 mar 2012 15:31:23 CET
rev-parse --is-inside-git-dir
Date: Mer 21 mar 2012 15:31:23 CET
rev-parse --is-inside-work-tree
Date: Mer 21 mar 2012 15:31:23 CET
symbolic-ref HEAD
Date: Mer 21 mar 2012 15:31:23 CET
rev-parse --is-inside-git-dir
Date: Mer 21 mar 2012 15:31:23 CET
rev-parse --is-inside-work-tree
Date: Mer 21 mar 2012 15:31:23 CET
symbolic-ref HEAD
Date: Mer 21 mar 2012 15:32:03 CET
rev-parse --is-inside-git-dir
Date: Mer 21 mar 2012 15:32:03 CET
rev-parse --is-inside-work-tree
Date: Mer 21 mar 2012 15:32:03 CET
symbolic-ref HEAD
Date: Mer 21 mar 2012 15:32:28 CET
rev-parse --is-inside-git-dir
Date: Mer 21 mar 2012 15:32:29 CET
rev-parse --is-inside-work-tree
Date: Mer 21 mar 2012 15:32:29 CET
symbolic-ref HEAD
Date: Jeu 22 mar 2012 11:40:33 CET
rev-parse --is-inside-git-dir
Date: Jeu 22 mar 2012 11:40:33 CET
rev-parse --is-inside-work-tree
Date: Jeu 22 mar 2012 11:40:33 CET
symbolic-ref HEAD
Date: Jeu 22 mar 2012 11:40:43 CET
rev-parse --is-inside-git-dir
Date: Jeu 22 mar 2012 11:40:43 CET
rev-parse --is-inside-work-tree
Date: Jeu 22 mar 2012 11:40:43 CET
symbolic-ref HEAD
Date: Jeu 22 mar 2012 11:52:29 CET
rev-parse --is-inside-git-dir
Date: Jeu 22 mar 2012 11:52:29 CET
rev-parse --is-inside-work-tree
Date: Jeu 22 mar 2012 11:52:29 CET
symbolic-ref HEAD
Date: Jeu 22 mar 2012 11:52:34 CET
rev-parse --is-inside-git-dir
Date: Jeu 22 mar 2012 11:52:34 CET
rev-parse --is-inside-work-tree
Date: Jeu 22 mar 2012 11:52:34 CET
symbolic-ref HEAD
Date: Ven 23 mar 2012 10:08:41 CET
rev-parse --is-inside-git-dir
Date: Ven 23 mar 2012 10:08:41 CET
rev-parse --is-inside-work-tree
Date: Ven 23 mar 2012 10:08:41 CET
symbolic-ref HEAD
Date: Ven 23 mar 2012 10:08:43 CET
rev-parse --is-inside-git-dir
Date: Ven 23 mar 2012 10:08:43 CET
rev-parse --is-inside-work-tree
Date: Ven 23 mar 2012 10:08:43 CET
symbolic-ref HEAD
Date: Ven 23 mar 2012 10:11:19 CET
rev-parse --is-inside-git-dir
Date: Ven 23 mar 2012 10:11:19 CET
rev-parse --is-inside-work-tree
Date: Ven 23 mar 2012 10:11:19 CET
symbolic-ref HEAD
Date: Ven 23 mar 2012 10:11:42 CET
rev-parse --is-inside-git-dir
Date: Ven 23 mar 2012 10:11:42 CET
rev-parse --is-inside-work-tree
Date: Ven 23 mar 2012 10:11:42 CET
symbolic-ref HEAD
Date: Ven 23 mar 2012 10:11:46 CET
rev-parse --is-inside-git-dir
Date: Ven 23 mar 2012 10:11:46 CET
rev-parse --is-inside-work-tree
Date: Ven 23 mar 2012 10:11:46 CET
symbolic-ref HEAD
Date: Ven 23 mar 2012 10:23:30 CET
rev-parse --is-inside-git-dir
Date: Ven 23 mar 2012 10:23:30 CET
rev-parse --is-inside-work-tree
Date: Ven 23 mar 2012 10:23:30 CET
symbolic-ref HEAD
Date: Ven 23 mar 2012 10:24:50 CET
rev-parse --is-inside-git-dir
Date: Ven 23 mar 2012 10:24:50 CET
rev-parse --is-inside-work-tree
Date: Ven 23 mar 2012 10:24:50 CET
symbolic-ref HEAD
Date: Ven 23 mar 2012 10:27:39 CET
rev-parse --is-inside-git-dir
Date: Ven 23 mar 2012 10:27:39 CET
rev-parse --is-inside-work-tree
Date: Ven 23 mar 2012 10:27:39 CET
symbolic-ref HEAD
Date: Ven 23 mar 2012 10:27:39 CET
rev-parse --is-inside-git-dir
Date: Ven 23 mar 2012 10:27:39 CET
rev-parse --is-inside-work-tree
Date: Ven 23 mar 2012 10:27:39 CET
symbolic-ref HEAD
Date: Ven 23 mar 2012 10:27:42 CET
rev-parse --is-inside-git-dir
Date: Ven 23 mar 2012 10:27:42 CET
rev-parse --is-inside-work-tree
Date: Ven 23 mar 2012 10:27:42 CET
symbolic-ref HEAD
Date: Ven 23 mar 2012 10:47:54 CET
rev-parse --is-inside-git-dir
Date: Ven 23 mar 2012 10:47:54 CET
rev-parse --is-inside-work-tree
Date: Ven 23 mar 2012 10:47:54 CET
symbolic-ref HEAD
Date: Ven 23 mar 2012 10:47:57 CET
rev-parse --is-inside-git-dir
Date: Ven 23 mar 2012 10:47:57 CET
rev-parse --is-inside-work-tree
Date: Ven 23 mar 2012 10:47:57 CET
symbolic-ref HEAD
Date: Lun 26 mar 2012 09:28:28 CEST
rev-parse --is-inside-git-dir
Date: Lun 26 mar 2012 09:28:28 CEST
rev-parse --is-inside-work-tree
Date: Lun 26 mar 2012 09:28:28 CEST
symbolic-ref HEAD
Date: Lun 26 mar 2012 09:30:51 CEST
rev-parse --is-inside-git-dir
Date: Lun 26 mar 2012 09:30:51 CEST
rev-parse --is-inside-work-tree
Date: Lun 26 mar 2012 09:30:51 CEST
fetch
Date: Lun 26 mar 2012 09:31:03 CEST
symbolic-ref HEAD
Date: Lun 26 mar 2012 09:31:03 CEST
rev-parse --is-inside-git-dir
Date: Lun 26 mar 2012 09:31:03 CEST
rev-parse --is-inside-work-tree
Date: Lun 26 mar 2012 09:31:03 CEST
symbolic-ref HEAD
Date: Lun 26 mar 2012 09:31:11 CEST
rev-parse --is-inside-git-dir
Date: Lun 26 mar 2012 09:31:11 CEST
rev-parse --is-inside-work-tree
Date: Lun 26 mar 2012 09:31:11 CEST
symbolic-ref HEAD
Date: Lun 26 mar 2012 09:31:48 CEST
rev-parse --is-inside-git-dir
Date: Lun 26 mar 2012 09:31:48 CEST
rev-parse --is-inside-work-tree
Date: Lun 26 mar 2012 09:31:48 CEST
--git-dir=.git config --get alias.co
Date: Lun 26 mar 2012 09:31:52 CEST
--git-dir=.git config --get alias.co
Date: Lun 26 mar 2012 09:31:52 CEST
checkout origin/master
Date: Lun 26 mar 2012 09:31:53 CEST
rev-parse --is-inside-git-dir
Date: Lun 26 mar 2012 09:31:53 CEST
rev-parse --is-inside-work-tree
Date: Lun 26 mar 2012 09:31:53 CEST
rev-parse --is-inside-git-dir
Date: Lun 26 mar 2012 09:31:58 CEST
rev-parse --is-inside-work-tree
Date: Lun 26 mar 2012 09:31:58 CEST
symbolic-ref HEAD
Date: Lun 26 mar 2012 11:38:32 CEST
rev-parse --is-inside-git-dir
Date: Lun 26 mar 2012 11:38:32 CEST
rev-parse --is-inside-work-tree
Date: Lun 26 mar 2012 11:38:32 CEST
symbolic-ref HEAD
Date: Lun 26 mar 2012 11:38:33 CEST
rev-parse --is-inside-git-dir
Date: Lun 26 mar 2012 11:38:33 CEST
rev-parse --is-inside-work-tree
Date: Lun 26 mar 2012 11:38:33 CEST
status 
Date: Lun 26 mar 2012 11:38:37 CEST
symbolic-ref HEAD
Date: Lun 26 mar 2012 11:38:37 CEST
rev-parse --is-inside-git-dir
Date: Lun 26 mar 2012 11:38:37 CEST
rev-parse --is-inside-work-tree
Date: Lun 26 mar 2012 11:38:37 CEST
add package.box
Date: Lun 26 mar 2012 11:39:17 CEST
symbolic-ref HEAD
Date: Lun 26 mar 2012 11:39:18 CEST
rev-parse --is-inside-git-dir
Date: Lun 26 mar 2012 11:39:18 CEST
rev-parse --is-inside-work-tree
Date: Lun 26 mar 2012 11:39:18 CEST
status 
Date: Lun 26 mar 2012 11:39:21 CEST
symbolic-ref HEAD
Date: Lun 26 mar 2012 11:39:21 CEST
rev-parse --is-inside-git-dir
Date: Lun 26 mar 2012 11:39:21 CEST
rev-parse --is-inside-work-tree
Date: Lun 26 mar 2012 11:39:21 CEST
add Vagrantfile
Date: Lun 26 mar 2012 11:39:25 CEST
symbolic-ref HEAD
Date: Lun 26 mar 2012 11:39:33 CEST
rev-parse --is-inside-git-dir
Date: Lun 26 mar 2012 11:39:33 CEST
rev-parse --is-inside-work-tree
Date: Lun 26 mar 2012 11:39:33 CEST
commit -a
Date: Lun 26 mar 2012 11:40:04 CEST
symbolic-ref HEAD
Date: Lun 26 mar 2012 11:40:04 CEST
rev-parse --is-inside-git-dir
Date: Lun 26 mar 2012 11:40:04 CEST
rev-parse --is-inside-work-tree
Date: Lun 26 mar 2012 11:40:04 CEST
--git-dir=.git config --get-regexp remote\..*\.url
Date: Lun 26 mar 2012 11:40:10 CEST
push origin master
Date: Lun 26 mar 2012 11:54:37 CEST
symbolic-ref HEAD
Date: Lun 26 mar 2012 11:54:37 CEST
rev-parse --is-inside-git-dir
Date: Lun 26 mar 2012 11:54:37 CEST
rev-parse --is-inside-work-tree
Date: Lun 26 mar 2012 11:54:37 CEST
fetch
Date: Lun 26 mar 2012 12:00:37 CEST
symbolic-ref HEAD
Date: Lun 26 mar 2012 12:00:37 CEST
rev-parse --is-inside-git-dir
Date: Lun 26 mar 2012 12:00:37 CEST
rev-parse --is-inside-work-tree
Date: Lun 26 mar 2012 12:00:37 CEST
symbolic-ref HEAD
Date: Lun 26 mar 2012 12:03:14 CEST
rev-parse --is-inside-git-dir
Date: Lun 26 mar 2012 12:03:14 CEST
rev-parse --is-inside-work-tree
Date: Lun 26 mar 2012 12:03:14 CEST
status 
Date: Lun 26 mar 2012 12:03:17 CEST
symbolic-ref HEAD
Date: Lun 26 mar 2012 12:03:17 CEST
rev-parse --is-inside-git-dir
Date: Lun 26 mar 2012 12:03:17 CEST
rev-parse --is-inside-work-tree
Date: Lun 26 mar 2012 12:03:17 CEST
fsck
Date: Lun 26 mar 2012 12:04:50 CEST
symbolic-ref HEAD
Date: Lun 26 mar 2012 12:04:50 CEST
rev-parse --is-inside-git-dir
Date: Lun 26 mar 2012 12:04:50 CEST
rev-parse --is-inside-work-tree
Date: Lun 26 mar 2012 12:04:50 CEST
fsck
Date: Lun 26 mar 2012 12:05:19 CEST
symbolic-ref HEAD
Date: Lun 26 mar 2012 12:05:19 CEST
rev-parse --is-inside-git-dir
Date: Lun 26 mar 2012 12:05:19 CEST
rev-parse --is-inside-work-tree
Date: Lun 26 mar 2012 12:05:19 CEST
--git-dir=.git config --get-regexp remote\..*\.url
Date: Lun 26 mar 2012 12:05:38 CEST
push origin master --force
Date: Lun 26 mar 2012 12:05:46 CEST
symbolic-ref HEAD
Date: Lun 26 mar 2012 12:05:53 CEST
rev-parse --is-inside-git-dir
Date: Lun 26 mar 2012 12:05:53 CEST
rev-parse --is-inside-work-tree
Date: Lun 26 mar 2012 12:05:53 CEST
symbolic-ref HEAD
Date: Lun 26 mar 2012 13:49:10 CEST
rev-parse --is-inside-git-dir
Date: Lun 26 mar 2012 13:49:10 CEST
rev-parse --is-inside-work-tree
Date: Lun 26 mar 2012 13:49:10 CEST
symbolic-ref HEAD
Date: Lun 26 mar 2012 13:49:18 CEST
rev-parse --is-inside-git-dir
Date: Lun 26 mar 2012 13:49:18 CEST
rev-parse --is-inside-work-tree
Date: Lun 26 mar 2012 13:49:18 CEST
symbolic-ref HEAD
Date: Lun 26 mar 2012 14:31:11 CEST
rev-parse --is-inside-git-dir
Date: Lun 26 mar 2012 14:31:11 CEST
rev-parse --is-inside-work-tree
Date: Lun 26 mar 2012 14:31:12 CEST
symbolic-ref HEAD
Date: Lun 26 mar 2012 14:31:16 CEST
rev-parse --is-inside-git-dir
Date: Lun 26 mar 2012 14:31:16 CEST
rev-parse --is-inside-work-tree
Date: Lun 26 mar 2012 14:31:16 CEST
symbolic-ref HEAD
Date: Lun 26 mar 2012 14:39:35 CEST
rev-parse --is-inside-git-dir
Date: Lun 26 mar 2012 14:39:35 CEST
rev-parse --is-inside-work-tree
Date: Lun 26 mar 2012 14:39:35 CEST
symbolic-ref HEAD
Date: Lun 26 mar 2012 15:45:12 CEST
rev-parse --is-inside-git-dir
Date: Lun 26 mar 2012 15:45:12 CEST
rev-parse --is-inside-work-tree
Date: Lun 26 mar 2012 15:45:12 CEST
symbolic-ref HEAD
Date: Lun 26 mar 2012 15:46:47 CEST
rev-parse --is-inside-git-dir
Date: Lun 26 mar 2012 15:46:47 CEST
rev-parse --is-inside-work-tree
Date: Lun 26 mar 2012 15:46:47 CEST
symbolic-ref HEAD
Date: Lun 26 mar 2012 15:46:58 CEST
rev-parse --is-inside-git-dir
Date: Lun 26 mar 2012 15:46:58 CEST
rev-parse --is-inside-work-tree
Date: Lun 26 mar 2012 15:46:58 CEST
symbolic-ref HEAD
Date: Lun 26 mar 2012 15:47:18 CEST
rev-parse --is-inside-git-dir
Date: Lun 26 mar 2012 15:47:18 CEST
rev-parse --is-inside-work-tree
Date: Lun 26 mar 2012 15:47:18 CEST
symbolic-ref HEAD
Date: Lun 26 mar 2012 15:48:51 CEST
rev-parse --is-inside-git-dir
Date: Lun 26 mar 2012 15:48:51 CEST
rev-parse --is-inside-work-tree
Date: Lun 26 mar 2012 15:48:51 CEST
symbolic-ref HEAD
Date: Lun 26 mar 2012 16:35:04 CEST
rev-parse --is-inside-git-dir
Date: Lun 26 mar 2012 16:35:05 CEST
rev-parse --is-inside-work-tree
Date: Lun 26 mar 2012 16:35:05 CEST
symbolic-ref HEAD
Date: Lun 26 mar 2012 16:41:51 CEST
rev-parse --is-inside-git-dir
Date: Lun 26 mar 2012 16:41:51 CEST
rev-parse --is-inside-work-tree
Date: Lun 26 mar 2012 16:41:51 CEST
symbolic-ref HEAD
Date: Lun 26 mar 2012 17:16:08 CEST
rev-parse --is-inside-git-dir
Date: Lun 26 mar 2012 17:16:09 CEST
rev-parse --is-inside-work-tree
Date: Lun 26 mar 2012 17:16:09 CEST
status 
Date: Lun 26 mar 2012 17:16:47 CEST
symbolic-ref HEAD
Date: Lun 26 mar 2012 17:16:47 CEST
rev-parse --is-inside-git-dir
Date: Lun 26 mar 2012 17:16:47 CEST
rev-parse --is-inside-work-tree
Date: Lun 26 mar 2012 17:16:47 CEST
checkout HEAD application/externalTools/controllers/TellmemoreController.php application/models/Reen/studentRow.php
Date: Lun 26 mar 2012 17:17:11 CEST
symbolic-ref HEAD
Date: Lun 26 mar 2012 17:17:11 CEST
rev-parse --is-inside-git-dir
Date: Lun 26 mar 2012 17:17:11 CEST
rev-parse --is-inside-work-tree
Date: Lun 26 mar 2012 17:17:11 CEST
symbolic-ref HEAD
Date: Lun 26 mar 2012 17:17:14 CEST
rev-parse --is-inside-git-dir
Date: Lun 26 mar 2012 17:17:14 CEST
rev-parse --is-inside-work-tree
Date: Lun 26 mar 2012 17:17:14 CEST
status 
Date: Lun 26 mar 2012 17:17:16 CEST
symbolic-ref HEAD
Date: Lun 26 mar 2012 17:17:16 CEST
rev-parse --is-inside-git-dir
Date: Lun 26 mar 2012 17:17:16 CEST
rev-parse --is-inside-work-tree
Date: Lun 26 mar 2012 17:17:16 CEST
commit -a
Date: Lun 26 mar 2012 17:17:48 CEST
symbolic-ref HEAD
Date: Lun 26 mar 2012 17:17:48 CEST
rev-parse --is-inside-git-dir
Date: Lun 26 mar 2012 17:17:48 CEST
rev-parse --is-inside-work-tree
Date: Lun 26 mar 2012 17:17:48 CEST
--git-dir=.git config --get alias.co
Date: Lun 26 mar 2012 17:17:54 CEST
checkout develop
Date: Lun 26 mar 2012 17:17:54 CEST
symbolic-ref HEAD
Date: Lun 26 mar 2012 17:17:54 CEST
rev-parse --is-inside-git-dir
Date: Lun 26 mar 2012 17:17:54 CEST
rev-parse --is-inside-work-tree
Date: Lun 26 mar 2012 17:17:54 CEST
merge master
Date: Lun 26 mar 2012 17:17:58 CEST
symbolic-ref HEAD
Date: Lun 26 mar 2012 17:17:58 CEST
rev-parse --is-inside-git-dir
Date: Lun 26 mar 2012 17:17:58 CEST
rev-parse --is-inside-work-tree
Date: Lun 26 mar 2012 17:17:58 CEST
--git-dir=.git config --get-regexp remote\..*\.url
Date: Lun 26 mar 2012 17:18:04 CEST
symbolic-ref HEAD
Date: Lun 26 mar 2012 17:18:05 CEST
rev-parse --is-inside-git-dir
Date: Lun 26 mar 2012 17:18:05 CEST
rev-parse --is-inside-work-tree
Date: Lun 26 mar 2012 17:18:05 CEST
--git-dir=.git config --get alias.co
Date: Lun 26 mar 2012 17:18:07 CEST
fetch
Date: Lun 26 mar 2012 17:18:11 CEST
symbolic-ref HEAD
Date: Lun 26 mar 2012 17:18:11 CEST
rev-parse --is-inside-git-dir
Date: Lun 26 mar 2012 17:18:11 CEST
rev-parse --is-inside-work-tree
Date: Lun 26 mar 2012 17:18:11 CEST
--git-dir=.git config --get alias.co
Date: Lun 26 mar 2012 17:18:15 CEST
checkout master
Date: Lun 26 mar 2012 17:18:16 CEST
symbolic-ref HEAD
Date: Lun 26 mar 2012 17:18:16 CEST
rev-parse --is-inside-git-dir
Date: Lun 26 mar 2012 17:18:16 CEST
rev-parse --is-inside-work-tree
Date: Lun 26 mar 2012 17:18:16 CEST
help -a
Date: Lun 26 mar 2012 17:18:17 CEST
--git-dir=.git config --get-regexp alias\..*
Date: Lun 26 mar 2012 17:18:17 CEST
rebase origin/master
Date: Lun 26 mar 2012 17:18:21 CEST
symbolic-ref HEAD
Date: Lun 26 mar 2012 17:18:21 CEST
rev-parse --is-inside-git-dir
Date: Lun 26 mar 2012 17:18:21 CEST
rev-parse --is-inside-work-tree
Date: Lun 26 mar 2012 17:18:21 CEST
--git-dir=.git config --get alias.co
Date: Lun 26 mar 2012 17:18:25 CEST
checkout develop
Date: Lun 26 mar 2012 17:18:25 CEST
symbolic-ref HEAD
Date: Lun 26 mar 2012 17:18:25 CEST
rev-parse --is-inside-git-dir
Date: Lun 26 mar 2012 17:18:25 CEST
rev-parse --is-inside-work-tree
Date: Lun 26 mar 2012 17:18:25 CEST
--git-dir=.git config --get-regexp alias\..*
Date: Lun 26 mar 2012 17:18:27 CEST
rebase origin/master
Date: Lun 26 mar 2012 17:18:30 CEST
symbolic-ref HEAD
Date: Lun 26 mar 2012 17:18:30 CEST
rev-parse --is-inside-git-dir
Date: Lun 26 mar 2012 17:18:30 CEST
rev-parse --is-inside-work-tree
Date: Lun 26 mar 2012 17:18:30 CEST
symbolic-ref HEAD
Date: Lun 26 mar 2012 17:18:32 CEST
rev-parse --is-inside-git-dir
Date: Lun 26 mar 2012 17:18:32 CEST
rev-parse --is-inside-work-tree
Date: Lun 26 mar 2012 17:18:32 CEST
rebase master
Date: Lun 26 mar 2012 17:18:45 CEST
symbolic-ref HEAD
Date: Lun 26 mar 2012 17:18:45 CEST
rev-parse --is-inside-git-dir
Date: Lun 26 mar 2012 17:18:45 CEST
rev-parse --is-inside-work-tree
Date: Lun 26 mar 2012 17:18:45 CEST
status 
Date: Lun 26 mar 2012 17:19:02 CEST
symbolic-ref HEAD
Date: Lun 26 mar 2012 17:19:02 CEST
rev-parse --is-inside-git-dir
Date: Lun 26 mar 2012 17:19:03 CEST
rev-parse --is-inside-work-tree
Date: Lun 26 mar 2012 17:19:03 CEST
symbolic-ref HEAD
Date: Lun 26 mar 2012 17:19:14 CEST
rev-parse --is-inside-git-dir
Date: Lun 26 mar 2012 17:19:14 CEST
rev-parse --is-inside-work-tree
Date: Lun 26 mar 2012 17:19:14 CEST
status 
Date: Lun 26 mar 2012 17:19:15 CEST
symbolic-ref HEAD
Date: Lun 26 mar 2012 17:19:15 CEST
rev-parse --is-inside-git-dir
Date: Lun 26 mar 2012 17:19:15 CEST
rev-parse --is-inside-work-tree
Date: Lun 26 mar 2012 17:19:15 CEST
fetch
Date: Lun 26 mar 2012 17:19:19 CEST
symbolic-ref HEAD
Date: Lun 26 mar 2012 17:19:19 CEST
rev-parse --is-inside-git-dir
Date: Lun 26 mar 2012 17:19:19 CEST
rev-parse --is-inside-work-tree
Date: Lun 26 mar 2012 17:19:19 CEST
--git-dir=.git config --get alias.co
Date: Lun 26 mar 2012 17:19:21 CEST
checkout master
Date: Lun 26 mar 2012 17:19:21 CEST
symbolic-ref HEAD
Date: Lun 26 mar 2012 17:19:21 CEST
rev-parse --is-inside-git-dir
Date: Lun 26 mar 2012 17:19:21 CEST
rev-parse --is-inside-work-tree
Date: Lun 26 mar 2012 17:19:21 CEST
--git-dir=.git config --get-regexp alias\..*
Date: Lun 26 mar 2012 17:19:22 CEST
rebase origin/master
Date: Lun 26 mar 2012 17:19:24 CEST
symbolic-ref HEAD
Date: Lun 26 mar 2012 17:19:25 CEST
rev-parse --is-inside-git-dir
Date: Lun 26 mar 2012 17:19:25 CEST
rev-parse --is-inside-work-tree
Date: Lun 26 mar 2012 17:19:25 CEST
--git-dir=.git config --get alias.co
Date: Lun 26 mar 2012 17:19:26 CEST
checkout develop
Date: Lun 26 mar 2012 17:19:26 CEST
symbolic-ref HEAD
Date: Lun 26 mar 2012 17:19:26 CEST
rev-parse --is-inside-git-dir
Date: Lun 26 mar 2012 17:19:27 CEST
rev-parse --is-inside-work-tree
Date: Lun 26 mar 2012 17:19:27 CEST
--git-dir=.git config --get-regexp alias\..*
Date: Lun 26 mar 2012 17:19:28 CEST
--git-dir=.git config --get-regexp alias\..*
Date: Lun 26 mar 2012 17:19:29 CEST
rebase origin/develop
Date: Lun 26 mar 2012 17:19:31 CEST
symbolic-ref HEAD
Date: Lun 26 mar 2012 17:19:32 CEST
rev-parse --is-inside-git-dir
Date: Lun 26 mar 2012 17:19:32 CEST
rev-parse --is-inside-work-tree
Date: Lun 26 mar 2012 17:19:32 CEST
symbolic-ref HEAD
Date: Lun 26 mar 2012 17:19:36 CEST
rev-parse --is-inside-git-dir
Date: Lun 26 mar 2012 17:19:36 CEST
rev-parse --is-inside-work-tree
Date: Lun 26 mar 2012 17:19:36 CEST
--git-dir=.git config --get-regexp remote\..*\.url
Date: Lun 26 mar 2012 17:19:43 CEST
symbolic-ref HEAD
Date: Lun 26 mar 2012 17:19:46 CEST
rev-parse --is-inside-git-dir
Date: Lun 26 mar 2012 17:19:46 CEST
rev-parse --is-inside-work-tree
Date: Lun 26 mar 2012 17:19:46 CEST
--git-dir=.git config --get alias.co
Date: Lun 26 mar 2012 17:19:47 CEST
checkout master
Date: Lun 26 mar 2012 17:19:55 CEST
symbolic-ref HEAD
Date: Lun 26 mar 2012 17:19:55 CEST
rev-parse --is-inside-git-dir
Date: Lun 26 mar 2012 17:19:55 CEST
rev-parse --is-inside-work-tree
Date: Lun 26 mar 2012 17:19:55 CEST
--git-dir=.git config --get-regexp remote\..*\.url
Date: Lun 26 mar 2012 17:19:59 CEST
push origin master
Date: Lun 26 mar 2012 17:20:01 CEST
symbolic-ref HEAD
Date: Lun 26 mar 2012 17:20:01 CEST
rev-parse --is-inside-git-dir
Date: Lun 26 mar 2012 17:20:01 CEST
rev-parse --is-inside-work-tree
Date: Lun 26 mar 2012 17:20:01 CEST
symbolic-ref HEAD
Date: Lun 26 mar 2012 17:21:38 CEST
rev-parse --is-inside-git-dir
Date: Lun 26 mar 2012 17:21:38 CEST
rev-parse --is-inside-work-tree
Date: Lun 26 mar 2012 17:21:38 CEST
--git-dir=.git config --get alias.co
Date: Lun 26 mar 2012 17:34:09 CEST
--git-dir=.git config --get alias.co
Date: Lun 26 mar 2012 17:34:10 CEST
checkout origin/develop
Date: Lun 26 mar 2012 17:34:10 CEST
rev-parse --is-inside-git-dir
Date: Lun 26 mar 2012 17:34:10 CEST
rev-parse --is-inside-work-tree
Date: Lun 26 mar 2012 17:34:10 CEST
--git-dir=.git config --get alias.br
Date: Lun 26 mar 2012 17:34:27 CEST
--git-dir=.git config --get alias.br
Date: Lun 26 mar 2012 17:34:28 CEST
branch -D develop
Date: Lun 26 mar 2012 17:34:33 CEST
rev-parse --is-inside-git-dir
Date: Lun 26 mar 2012 17:34:33 CEST
rev-parse --is-inside-work-tree
Date: Lun 26 mar 2012 17:34:34 CEST
branch -D master
Date: Lun 26 mar 2012 17:34:38 CEST
rev-parse --is-inside-git-dir
Date: Lun 26 mar 2012 17:34:38 CEST
rev-parse --is-inside-work-tree
Date: Lun 26 mar 2012 17:34:38 CEST
--git-dir=.git config --get alias.co
Date: Lun 26 mar 2012 17:34:42 CEST
checkout -b develop
Date: Lun 26 mar 2012 17:34:43 CEST
symbolic-ref HEAD
Date: Lun 26 mar 2012 17:34:43 CEST
rev-parse --is-inside-git-dir
Date: Lun 26 mar 2012 17:34:43 CEST
rev-parse --is-inside-work-tree
Date: Lun 26 mar 2012 17:34:43 CEST
checkout -b master
Date: Lun 26 mar 2012 17:34:47 CEST
symbolic-ref HEAD
Date: Lun 26 mar 2012 17:34:53 CEST
rev-parse --is-inside-git-dir
Date: Lun 26 mar 2012 17:34:53 CEST
rev-parse --is-inside-work-tree
Date: Lun 26 mar 2012 17:34:53 CEST
status 
Date: Lun 26 mar 2012 17:38:02 CEST
symbolic-ref HEAD
Date: Lun 26 mar 2012 17:38:02 CEST
rev-parse --is-inside-git-dir
Date: Lun 26 mar 2012 17:38:02 CEST
rev-parse --is-inside-work-tree
Date: Lun 26 mar 2012 17:38:02 CEST
diff application/models/Reen/studentRow.php
Date: Lun 26 mar 2012 17:38:15 CEST
symbolic-ref HEAD
Date: Lun 26 mar 2012 17:38:15 CEST
rev-parse --is-inside-git-dir
Date: Lun 26 mar 2012 17:38:15 CEST
rev-parse --is-inside-work-tree
Date: Lun 26 mar 2012 17:38:15 CEST
commit -a
Date: Lun 26 mar 2012 17:38:55 CEST
symbolic-ref HEAD
Date: Lun 26 mar 2012 17:38:55 CEST
rev-parse --is-inside-git-dir
Date: Lun 26 mar 2012 17:38:55 CEST
rev-parse --is-inside-work-tree
Date: Lun 26 mar 2012 17:38:55 CEST
--git-dir=.git config --get-regexp remote\..*\.url
Date: Lun 26 mar 2012 17:38:59 CEST
symbolic-ref HEAD
Date: Lun 26 mar 2012 17:39:00 CEST
rev-parse --is-inside-git-dir
Date: Lun 26 mar 2012 17:39:00 CEST
rev-parse --is-inside-work-tree
Date: Lun 26 mar 2012 17:39:00 CEST
push origin master --force
Date: Lun 26 mar 2012 17:39:04 CEST
symbolic-ref HEAD
Date: Lun 26 mar 2012 17:39:04 CEST
rev-parse --is-inside-git-dir
Date: Lun 26 mar 2012 17:39:04 CEST
rev-parse --is-inside-work-tree
Date: Lun 26 mar 2012 17:39:04 CEST
symbolic-ref HEAD
Date: Lun 26 mar 2012 17:39:57 CEST
rev-parse --is-inside-git-dir
Date: Lun 26 mar 2012 17:39:57 CEST
rev-parse --is-inside-work-tree
Date: Lun 26 mar 2012 17:39:57 CEST
symbolic-ref HEAD
Date: Mar 27 mar 2012 09:57:25 CEST
rev-parse --is-inside-git-dir
Date: Mar 27 mar 2012 09:57:25 CEST
rev-parse --is-inside-work-tree
Date: Mar 27 mar 2012 09:57:25 CEST
symbolic-ref HEAD
Date: Mar 27 mar 2012 09:57:36 CEST
rev-parse --is-inside-git-dir
Date: Mar 27 mar 2012 09:57:36 CEST
rev-parse --is-inside-work-tree
Date: Mar 27 mar 2012 09:57:36 CEST
fetch
Date: Mar 27 mar 2012 09:58:50 CEST
symbolic-ref HEAD
Date: Mar 27 mar 2012 09:58:50 CEST
rev-parse --is-inside-git-dir
Date: Mar 27 mar 2012 09:58:50 CEST
rev-parse --is-inside-work-tree
Date: Mar 27 mar 2012 09:58:50 CEST
symbolic-ref HEAD
Date: Mar 27 mar 2012 09:59:00 CEST
rev-parse --is-inside-git-dir
Date: Mar 27 mar 2012 09:59:00 CEST
rev-parse --is-inside-work-tree
Date: Mar 27 mar 2012 09:59:00 CEST
symbolic-ref HEAD
Date: Mar 27 mar 2012 09:59:12 CEST
rev-parse --is-inside-git-dir
Date: Mar 27 mar 2012 09:59:12 CEST
rev-parse --is-inside-work-tree
Date: Mar 27 mar 2012 09:59:12 CEST
symbolic-ref HEAD
Date: Mar 27 mar 2012 10:04:17 CEST
rev-parse --is-inside-git-dir
Date: Mar 27 mar 2012 10:04:17 CEST
rev-parse --is-inside-work-tree
Date: Mar 27 mar 2012 10:04:17 CEST
symbolic-ref HEAD
Date: Mar 27 mar 2012 10:12:13 CEST
rev-parse --is-inside-git-dir
Date: Mar 27 mar 2012 10:12:13 CEST
rev-parse --is-inside-work-tree
Date: Mar 27 mar 2012 10:12:13 CEST
symbolic-ref HEAD
Date: Mar 27 mar 2012 10:12:26 CEST
rev-parse --is-inside-git-dir
Date: Mar 27 mar 2012 10:12:26 CEST
rev-parse --is-inside-work-tree
Date: Mar 27 mar 2012 10:12:26 CEST
status 
Date: Mar 27 mar 2012 10:12:28 CEST
symbolic-ref HEAD
Date: Mar 27 mar 2012 10:12:28 CEST
rev-parse --is-inside-git-dir
Date: Mar 27 mar 2012 10:12:28 CEST
rev-parse --is-inside-work-tree
Date: Mar 27 mar 2012 10:12:28 CEST
--git-dir=.git config --get alias.co
Date: Mar 27 mar 2012 10:14:20 CEST
checkout develop
Date: Mar 27 mar 2012 10:14:20 CEST
symbolic-ref HEAD
Date: Mar 27 mar 2012 10:14:20 CEST
rev-parse --is-inside-git-dir
Date: Mar 27 mar 2012 10:14:20 CEST
rev-parse --is-inside-work-tree
Date: Mar 27 mar 2012 10:14:21 CEST
--git-dir=.git config --get alias.co
Date: Mar 27 mar 2012 10:16:45 CEST
checkout master
Date: Mar 27 mar 2012 10:16:46 CEST
symbolic-ref HEAD
Date: Mar 27 mar 2012 10:16:47 CEST
rev-parse --is-inside-git-dir
Date: Mar 27 mar 2012 10:16:47 CEST
rev-parse --is-inside-work-tree
Date: Mar 27 mar 2012 10:16:47 CEST
--git-dir=.git config --get alias.co
Date: Mar 27 mar 2012 10:16:49 CEST
checkout develop
Date: Mar 27 mar 2012 10:16:49 CEST
symbolic-ref HEAD
Date: Mar 27 mar 2012 10:16:49 CEST
rev-parse --is-inside-git-dir
Date: Mar 27 mar 2012 10:16:49 CEST
rev-parse --is-inside-work-tree
Date: Mar 27 mar 2012 10:16:49 CEST
stash
Date: Mar 27 mar 2012 10:16:52 CEST
symbolic-ref HEAD
Date: Mar 27 mar 2012 10:16:52 CEST
rev-parse --is-inside-git-dir
Date: Mar 27 mar 2012 10:16:52 CEST
rev-parse --is-inside-work-tree
Date: Mar 27 mar 2012 10:16:53 CEST
merge master
Date: Mar 27 mar 2012 10:17:02 CEST
symbolic-ref HEAD
Date: Mar 27 mar 2012 10:17:07 CEST
rev-parse --is-inside-git-dir
Date: Mar 27 mar 2012 10:17:07 CEST
rev-parse --is-inside-work-tree
Date: Mar 27 mar 2012 10:17:07 CEST
symbolic-ref HEAD
Date: Mar 27 mar 2012 10:17:25 CEST
rev-parse --is-inside-git-dir
Date: Mar 27 mar 2012 10:17:25 CEST
rev-parse --is-inside-work-tree
Date: Mar 27 mar 2012 10:17:25 CEST
merge master
Date: Mar 27 mar 2012 10:17:26 CEST
symbolic-ref HEAD
Date: Mar 27 mar 2012 10:17:26 CEST
rev-parse --is-inside-git-dir
Date: Mar 27 mar 2012 10:17:26 CEST
rev-parse --is-inside-work-tree
Date: Mar 27 mar 2012 10:17:26 CEST
checkout -b pre-moulinette
Date: Mar 27 mar 2012 10:17:34 CEST
symbolic-ref HEAD
Date: Mar 27 mar 2012 10:17:34 CEST
rev-parse --is-inside-git-dir
Date: Mar 27 mar 2012 10:17:34 CEST
rev-parse --is-inside-work-tree
Date: Mar 27 mar 2012 10:17:34 CEST
symbolic-ref HEAD
Date: Mar 27 mar 2012 10:17:42 CEST
rev-parse --is-inside-git-dir
Date: Mar 27 mar 2012 10:17:42 CEST
rev-parse --is-inside-work-tree
Date: Mar 27 mar 2012 10:17:43 CEST
stash pop
Date: Mar 27 mar 2012 10:17:45 CEST
