
********************************************************************************
                            Git Achievement Unlocked!                            

                                 Garage Inventor                                 
                      Used a custom alias for a Git command                      
********************************************************************************


********************************************************************************
                            Git Achievement Unlocked!                            

                                     Student                                     
       Accessed the documentation for a command with git [command] --help       
********************************************************************************


********************************************************************************
                            Git Achievement Unlocked!                            

                                     Weaver                                     
                  Investigate old branches by using git reflog                  
********************************************************************************


********************************************************************************
                            Git Achievement Unlocked!                            

                         Apprentice Collector (Level 1)                         
       Fetches named heads or tags from another repository with git fetch       
********************************************************************************


********************************************************************************
                            Git Achievement Unlocked!                            

                         Apprentice Collector (Level 2)                         
       Fetches named heads or tags from another repository with git fetch       
********************************************************************************


********************************************************************************
                            Git Achievement Unlocked!                            

                      Apprentice Product Manager (Level 1)                      
       Stash the changes in a dirty working directory away with git stash.       
********************************************************************************

